Arguments: 
  /usr/bin/nodejs /usr/bin/yarn add textract

PATH: 
  /usr/local/sbin:/usr/local/bin:/usr/sbin:/usr/bin:/sbin:/bin:/usr/games:/usr/local/games

Yarn version: 
  0.27.5

Node version: 
  8.1.4

Platform: 
  linux x64

npm manifest: 
  {
    "name": "server",
    "version": "1.0.0",
    "description": "",
    "main": "index.js",
    "scripts": {
      "test": "echo \"Error: no test specified\" && exit 1",
      "dev": "nodemon index.js"
    },
    "author": "",
    "license": "ISC",
    "dependencies": {
      "bcrypt-nodejs": "^0.0.3",
      "body-parser": "^1.17.1",
      "compression": "^1.6.2",
      "cors": "^2.8.3",
      "cron": "^1.2.1",
      "express": "^4.15.2",
      "jwt-simple": "^0.5.1",
      "mongoose": "^4.9.5",
      "morgan": "^1.8.1",
      "node-fetch": "^1.7.2",
      "node-wget": "^0.4.2",
      "nodemailer": "^4.0.1",
      "passport": "^0.3.2",
      "passport-jwt": "^2.2.1",
      "passport-local": "^1.0.0",
      "xml2js": "^0.4.17"
    }
  }

yarn manifest: 
  No manifest

Lockfile: 
  # THIS IS AN AUTOGENERATED FILE. DO NOT EDIT THIS FILE DIRECTLY.
  # yarn lockfile v1
  
  
  accepts@~1.3.3:
    version "1.3.3"
    resolved "https://registry.yarnpkg.com/accepts/-/accepts-1.3.3.tgz#c3ca7434938648c3e0d9c1e328dd68b622c284ca"
    dependencies:
      mime-types "~2.1.11"
      negotiator "0.6.1"
  
  array-flatten@1.1.1:
    version "1.1.1"
    resolved "https://registry.yarnpkg.com/array-flatten/-/array-flatten-1.1.1.tgz#9a5f699051b1e7073328f2a008968b64ea2955d2"
  
  asn1@0.1.11:
    version "0.1.11"
    resolved "https://registry.yarnpkg.com/asn1/-/asn1-0.1.11.tgz#559be18376d08a4ec4dbe80877d27818639b2df7"
  
  assert-plus@^0.1.5:
    version "0.1.5"
    resolved "https://registry.yarnpkg.com/assert-plus/-/assert-plus-0.1.5.tgz#ee74009413002d84cec7219c6ac811812e723160"
  
  async@2.1.4:
    version "2.1.4"
    resolved "https://registry.yarnpkg.com/async/-/async-2.1.4.tgz#2d2160c7788032e4dd6cbe2502f1f9a2c8f6cde4"
    dependencies:
      lodash "^4.14.0"
  
  async@~0.9.0:
    version "0.9.2"
    resolved "https://registry.yarnpkg.com/async/-/async-0.9.2.tgz#aea74d5e61c1f899613bf64bda66d4c78f2fd17d"
  
  aws-sign@~0.3.0:
    version "0.3.0"
    resolved "https://registry.yarnpkg.com/aws-sign/-/aws-sign-0.3.0.tgz#3d81ca69b474b1e16518728b51c24ff0bbedc6e9"
  
  base64url@2.0.0, base64url@^2.0.0:
    version "2.0.0"
    resolved "https://registry.yarnpkg.com/base64url/-/base64url-2.0.0.tgz#eac16e03ea1438eff9423d69baa36262ed1f70bb"
  
  basic-auth@~1.1.0:
    version "1.1.0"
    resolved "https://registry.yarnpkg.com/basic-auth/-/basic-auth-1.1.0.tgz#45221ee429f7ee1e5035be3f51533f1cdfd29884"
  
  bcrypt-nodejs@^0.0.3:
    version "0.0.3"
    resolved "https://registry.yarnpkg.com/bcrypt-nodejs/-/bcrypt-nodejs-0.0.3.tgz#c60917f26dc235661566c681061c303c2b28842b"
  
  bluebird@2.10.2:
    version "2.10.2"
    resolved "https://registry.yarnpkg.com/bluebird/-/bluebird-2.10.2.tgz#024a5517295308857f14f91f1106fc3b555f446b"
  
  body-parser@^1.17.1:
    version "1.17.1"
    resolved "https://registry.yarnpkg.com/body-parser/-/body-parser-1.17.1.tgz#75b3bc98ddd6e7e0d8ffe750dfaca5c66993fa47"
    dependencies:
      bytes "2.4.0"
      content-type "~1.0.2"
      debug "2.6.1"
      depd "~1.1.0"
      http-errors "~1.6.1"
      iconv-lite "0.4.15"
      on-finished "~2.3.0"
      qs "6.4.0"
      raw-body "~2.2.0"
      type-is "~1.6.14"
  
  boom@0.4.x:
    version "0.4.2"
    resolved "https://registry.yarnpkg.com/boom/-/boom-0.4.2.tgz#7a636e9ded4efcefb19cef4947a3c67dfaee911b"
    dependencies:
      hoek "0.9.x"
  
  bson@~1.0.4:
    version "1.0.4"
    resolved "https://registry.yarnpkg.com/bson/-/bson-1.0.4.tgz#93c10d39eaa5b58415cbc4052f3e53e562b0b72c"
  
  buffer-equal-constant-time@1.0.1:
    version "1.0.1"
    resolved "https://registry.yarnpkg.com/buffer-equal-constant-time/-/buffer-equal-constant-time-1.0.1.tgz#f8e71132f7ffe6e01a5c9697a4c6f3e48d5cc819"
  
  buffer-shims@^1.0.0:
    version "1.0.0"
    resolved "https://registry.yarnpkg.com/buffer-shims/-/buffer-shims-1.0.0.tgz#9978ce317388c649ad8793028c3477ef044a8b51"
  
  bytes@2.3.0:
    version "2.3.0"
    resolved "https://registry.yarnpkg.com/bytes/-/bytes-2.3.0.tgz#d5b680a165b6201739acb611542aabc2d8ceb070"
  
  bytes@2.4.0:
    version "2.4.0"
    resolved "https://registry.yarnpkg.com/bytes/-/bytes-2.4.0.tgz#7d97196f9d5baf7f6935e25985549edd2a6c2339"
  
  combined-stream@~0.0.4:
    version "0.0.7"
    resolved "https://registry.yarnpkg.com/combined-stream/-/combined-stream-0.0.7.tgz#0137e657baa5a7541c57ac37ac5fc07d73b4dc1f"
    dependencies:
      delayed-stream "0.0.5"
  
  compressible@~2.0.8:
    version "2.0.10"
    resolved "https://registry.yarnpkg.com/compressible/-/compressible-2.0.10.tgz#feda1c7f7617912732b29bf8cf26252a20b9eecd"
    dependencies:
      mime-db ">= 1.27.0 < 2"
  
  compression@^1.6.2:
    version "1.6.2"
    resolved "https://registry.yarnpkg.com/compression/-/compression-1.6.2.tgz#cceb121ecc9d09c52d7ad0c3350ea93ddd402bc3"
    dependencies:
      accepts "~1.3.3"
      bytes "2.3.0"
      compressible "~2.0.8"
      debug "~2.2.0"
      on-headers "~1.0.1"
      vary "~1.1.0"
  
  content-disposition@0.5.2:
    version "0.5.2"
    resolved "https://registry.yarnpkg.com/content-disposition/-/content-disposition-0.5.2.tgz#0cf68bb9ddf5f2be7961c3a85178cb85dba78cb4"
  
  content-type@~1.0.2:
    version "1.0.2"
    resolved "https://registry.yarnpkg.com/content-type/-/content-type-1.0.2.tgz#b7d113aee7a8dd27bd21133c4dc2529df1721eed"
  
  cookie-jar@~0.3.0:
    version "0.3.0"
    resolved "https://registry.yarnpkg.com/cookie-jar/-/cookie-jar-0.3.0.tgz#bc9a27d4e2b97e186cd57c9e2063cb99fa68cccc"
  
  cookie-signature@1.0.6:
    version "1.0.6"
    resolved "https://registry.yarnpkg.com/cookie-signature/-/cookie-signature-1.0.6.tgz#e303a882b342cc3ee8ca513a79999734dab3ae2c"
  
  cookie@0.3.1:
    version "0.3.1"
    resolved "https://registry.yarnpkg.com/cookie/-/cookie-0.3.1.tgz#e7e0a1f9ef43b4c8ba925c5c5a96e806d16873bb"
  
  core-util-is@~1.0.0:
    version "1.0.2"
    resolved "https://registry.yarnpkg.com/core-util-is/-/core-util-is-1.0.2.tgz#b5fd54220aa2bc5ab57aab7140c940754503c1a7"
  
  cors@^2.8.3:
    version "2.8.3"
    resolved "https://registry.yarnpkg.com/cors/-/cors-2.8.3.tgz#4cf78e1d23329a7496b2fc2225b77ca5bb5eb802"
    dependencies:
      object-assign "^4"
      vary "^1"
  
  cron@^1.2.1:
    version "1.2.1"
    resolved "https://registry.yarnpkg.com/cron/-/cron-1.2.1.tgz#3a86c09b41b8f261ac863a7cc85ea4735857eab2"
    dependencies:
      moment-timezone "^0.5.x"
  
  cryptiles@0.2.x:
    version "0.2.2"
    resolved "https://registry.yarnpkg.com/cryptiles/-/cryptiles-0.2.2.tgz#ed91ff1f17ad13d3748288594f8a48a0d26f325c"
    dependencies:
      boom "0.4.x"
  
  ctype@0.5.3:
    version "0.5.3"
    resolved "https://registry.yarnpkg.com/ctype/-/ctype-0.5.3.tgz#82c18c2461f74114ef16c135224ad0b9144ca12f"
  
  debug@2.2.0, debug@~2.2.0:
    version "2.2.0"
    resolved "https://registry.yarnpkg.com/debug/-/debug-2.2.0.tgz#f87057e995b1a1f6ae6a4960664137bc56f039da"
    dependencies:
      ms "0.7.1"
  
  debug@2.6.1:
    version "2.6.1"
    resolved "https://registry.yarnpkg.com/debug/-/debug-2.6.1.tgz#79855090ba2c4e3115cc7d8769491d58f0491351"
    dependencies:
      ms "0.7.2"
  
  debug@2.6.4:
    version "2.6.4"
    resolved "https://registry.yarnpkg.com/debug/-/debug-2.6.4.tgz#7586a9b3c39741c0282ae33445c4e8ac74734fe0"
    dependencies:
      ms "0.7.3"
  
  delayed-stream@0.0.5:
    version "0.0.5"
    resolved "https://registry.yarnpkg.com/delayed-stream/-/delayed-stream-0.0.5.tgz#d4b1f43a93e8296dfe02694f4680bc37a313c73f"
  
  depd@1.1.0, depd@~1.1.0:
    version "1.1.0"
    resolved "https://registry.yarnpkg.com/depd/-/depd-1.1.0.tgz#e1bd82c6aab6ced965b97b88b17ed3e528ca18c3"
  
  destroy@~1.0.4:
    version "1.0.4"
    resolved "https://registry.yarnpkg.com/destroy/-/destroy-1.0.4.tgz#978857442c44749e4206613e37946205826abd80"
  
  ecdsa-sig-formatter@1.0.9:
    version "1.0.9"
    resolved "https://registry.yarnpkg.com/ecdsa-sig-formatter/-/ecdsa-sig-formatter-1.0.9.tgz#4bc926274ec3b5abb5016e7e1d60921ac262b2a1"
    dependencies:
      base64url "^2.0.0"
      safe-buffer "^5.0.1"
  
  ee-first@1.1.1:
    version "1.1.1"
    resolved "https://registry.yarnpkg.com/ee-first/-/ee-first-1.1.1.tgz#590c61156b0ae2f4f0255732a158b266bc56b21d"
  
  encodeurl@~1.0.1:
    version "1.0.1"
    resolved "https://registry.yarnpkg.com/encodeurl/-/encodeurl-1.0.1.tgz#79e3d58655346909fe6f0f45a5de68103b294d20"
  
  encoding@^0.1.11:
    version "0.1.12"
    resolved "https://registry.yarnpkg.com/encoding/-/encoding-0.1.12.tgz#538b66f3ee62cd1ab51ec323829d1f9480c74beb"
    dependencies:
      iconv-lite "~0.4.13"
  
  es6-promise@3.2.1:
    version "3.2.1"
    resolved "https://registry.yarnpkg.com/es6-promise/-/es6-promise-3.2.1.tgz#ec56233868032909207170c39448e24449dd1fc4"
  
  escape-html@~1.0.3:
    version "1.0.3"
    resolved "https://registry.yarnpkg.com/escape-html/-/escape-html-1.0.3.tgz#0258eae4d3d0c0974de1c169188ef0051d1d1988"
  
  etag@~1.8.0:
    version "1.8.0"
    resolved "https://registry.yarnpkg.com/etag/-/etag-1.8.0.tgz#6f631aef336d6c46362b51764044ce216be3c051"
  
  express@^4.15.2:
    version "4.15.2"
    resolved "https://registry.yarnpkg.com/express/-/express-4.15.2.tgz#af107fc148504457f2dca9a6f2571d7129b97b35"
    dependencies:
      accepts "~1.3.3"
      array-flatten "1.1.1"
      content-disposition "0.5.2"
      content-type "~1.0.2"
      cookie "0.3.1"
      cookie-signature "1.0.6"
      debug "2.6.1"
      depd "~1.1.0"
      encodeurl "~1.0.1"
      escape-html "~1.0.3"
      etag "~1.8.0"
      finalhandler "~1.0.0"
      fresh "0.5.0"
      merge-descriptors "1.0.1"
      methods "~1.1.2"
      on-finished "~2.3.0"
      parseurl "~1.3.1"
      path-to-regexp "0.1.7"
      proxy-addr "~1.1.3"
      qs "6.4.0"
      range-parser "~1.2.0"
      send "0.15.1"
      serve-static "1.12.1"
      setprototypeof "1.0.3"
      statuses "~1.3.1"
      type-is "~1.6.14"
      utils-merge "1.0.0"
      vary "~1.1.0"
  
  finalhandler@~1.0.0:
    version "1.0.2"
    resolved "https://registry.yarnpkg.com/finalhandler/-/finalhandler-1.0.2.tgz#d0e36f9dbc557f2de14423df6261889e9d60c93a"
    dependencies:
      debug "2.6.4"
      encodeurl "~1.0.1"
      escape-html "~1.0.3"
      on-finished "~2.3.0"
      parseurl "~1.3.1"
      statuses "~1.3.1"
      unpipe "~1.0.0"
  
  forever-agent@~0.5.0:
    version "0.5.2"
    resolved "https://registry.yarnpkg.com/forever-agent/-/forever-agent-0.5.2.tgz#6d0e09c4921f94a27f63d3b49c5feff1ea4c5130"
  
  form-data@~0.1.0:
    version "0.1.4"
    resolved "https://registry.yarnpkg.com/form-data/-/form-data-0.1.4.tgz#91abd788aba9702b1aabfa8bc01031a2ac9e3b12"
    dependencies:
      async "~0.9.0"
      combined-stream "~0.0.4"
      mime "~1.2.11"
  
  forwarded@~0.1.0:
    version "0.1.0"
    resolved "https://registry.yarnpkg.com/forwarded/-/forwarded-0.1.0.tgz#19ef9874c4ae1c297bcf078fde63a09b66a84363"
  
  fresh@0.5.0:
    version "0.5.0"
    resolved "https://registry.yarnpkg.com/fresh/-/fresh-0.5.0.tgz#f474ca5e6a9246d6fd8e0953cfa9b9c805afa78e"
  
  hawk@~1.0.0:
    version "1.0.0"
    resolved "https://registry.yarnpkg.com/hawk/-/hawk-1.0.0.tgz#b90bb169807285411da7ffcb8dd2598502d3b52d"
    dependencies:
      boom "0.4.x"
      cryptiles "0.2.x"
      hoek "0.9.x"
      sntp "0.2.x"
  
  hoek@0.9.x:
    version "0.9.1"
    resolved "https://registry.yarnpkg.com/hoek/-/hoek-0.9.1.tgz#3d322462badf07716ea7eb85baf88079cddce505"
  
  hoek@2.x.x:
    version "2.16.3"
    resolved "https://registry.yarnpkg.com/hoek/-/hoek-2.16.3.tgz#20bb7403d3cea398e91dc4710a8ff1b8274a25ed"
  
  hooks-fixed@2.0.0:
    version "2.0.0"
    resolved "https://registry.yarnpkg.com/hooks-fixed/-/hooks-fixed-2.0.0.tgz#a01d894d52ac7f6599bbb1f63dfc9c411df70cba"
  
  http-errors@~1.6.1:
    version "1.6.1"
    resolved "https://registry.yarnpkg.com/http-errors/-/http-errors-1.6.1.tgz#5f8b8ed98aca545656bf572997387f904a722257"
    dependencies:
      depd "1.1.0"
      inherits "2.0.3"
      setprototypeof "1.0.3"
      statuses ">= 1.3.1 < 2"
  
  http-signature@~0.10.0:
    version "0.10.1"
    resolved "https://registry.yarnpkg.com/http-signature/-/http-signature-0.10.1.tgz#4fbdac132559aa8323121e540779c0a012b27e66"
    dependencies:
      asn1 "0.1.11"
      assert-plus "^0.1.5"
      ctype "0.5.3"
  
  iconv-lite@0.4.15:
    version "0.4.15"
    resolved "https://registry.yarnpkg.com/iconv-lite/-/iconv-lite-0.4.15.tgz#fe265a218ac6a57cfe854927e9d04c19825eddeb"
  
  iconv-lite@~0.4.13:
    version "0.4.18"
    resolved "https://registry.yarnpkg.com/iconv-lite/-/iconv-lite-0.4.18.tgz#23d8656b16aae6742ac29732ea8f0336a4789cf2"
  
  inherits@2.0.3, inherits@~2.0.1:
    version "2.0.3"
    resolved "https://registry.yarnpkg.com/inherits/-/inherits-2.0.3.tgz#633c2c83e3da42a502f52466022480f4208261de"
  
  ipaddr.js@1.3.0:
    version "1.3.0"
    resolved "https://registry.yarnpkg.com/ipaddr.js/-/ipaddr.js-1.3.0.tgz#1e03a52fdad83a8bbb2b25cbf4998b4cffcd3dec"
  
  is-stream@^1.0.1:
    version "1.1.0"
    resolved "https://registry.yarnpkg.com/is-stream/-/is-stream-1.1.0.tgz#12d4a3dd4e68e0b79ceb8dbc84173ae80d91ca44"
  
  isarray@~1.0.0:
    version "1.0.0"
    resolved "https://registry.yarnpkg.com/isarray/-/isarray-1.0.0.tgz#bb935d48582cba168c06834957a54a3e07124f11"
  
  isemail@1.x.x:
    version "1.2.0"
    resolved "https://registry.yarnpkg.com/isemail/-/isemail-1.2.0.tgz#be03df8cc3e29de4d2c5df6501263f1fa4595e9a"
  
  joi@^6.10.1:
    version "6.10.1"
    resolved "https://registry.yarnpkg.com/joi/-/joi-6.10.1.tgz#4d50c318079122000fe5f16af1ff8e1917b77e06"
    dependencies:
      hoek "2.x.x"
      isemail "1.x.x"
      moment "2.x.x"
      topo "1.x.x"
  
  json-stringify-safe@~5.0.0:
    version "5.0.1"
    resolved "https://registry.yarnpkg.com/json-stringify-safe/-/json-stringify-safe-5.0.1.tgz#1296a2d58fd45f19a0f6ce01d65701e2c735b6eb"
  
  jsonwebtoken@^7.0.0:
    version "7.4.0"
    resolved "https://registry.yarnpkg.com/jsonwebtoken/-/jsonwebtoken-7.4.0.tgz#515bf2bba070ec615bad97fd2e945027eb476946"
    dependencies:
      joi "^6.10.1"
      jws "^3.1.4"
      lodash.once "^4.0.0"
      ms "^0.7.1"
      xtend "^4.0.1"
  
  jwa@^1.1.4:
    version "1.1.5"
    resolved "https://registry.yarnpkg.com/jwa/-/jwa-1.1.5.tgz#a0552ce0220742cd52e153774a32905c30e756e5"
    dependencies:
      base64url "2.0.0"
      buffer-equal-constant-time "1.0.1"
      ecdsa-sig-formatter "1.0.9"
      safe-buffer "^5.0.1"
  
  jws@^3.1.4:
    version "3.1.4"
    resolved "https://registry.yarnpkg.com/jws/-/jws-3.1.4.tgz#f9e8b9338e8a847277d6444b1464f61880e050a2"
    dependencies:
      base64url "^2.0.0"
      jwa "^1.1.4"
      safe-buffer "^5.0.1"
  
  jwt-simple@^0.5.1:
    version "0.5.1"
    resolved "https://registry.yarnpkg.com/jwt-simple/-/jwt-simple-0.5.1.tgz#79ea01891b61de6b68e13e67c0b4b5bda937b294"
  
  kareem@1.2.1:
    version "1.2.1"
    resolved "https://registry.yarnpkg.com/kareem/-/kareem-1.2.1.tgz#acdb8c8119845834abbfa58ade1cf9dea63dc752"
  
  lodash.once@^4.0.0:
    version "4.1.1"
    resolved "https://registry.yarnpkg.com/lodash.once/-/lodash.once-4.1.1.tgz#0dd3971213c7c56df880977d504c88fb471a97ac"
  
  lodash@^4.0.0, lodash@^4.14.0:
    version "4.17.4"
    resolved "https://registry.yarnpkg.com/lodash/-/lodash-4.17.4.tgz#78203a4d1c328ae1d86dca6460e369b57f4055ae"
  
  media-typer@0.3.0:
    version "0.3.0"
    resolved "https://registry.yarnpkg.com/media-typer/-/media-typer-0.3.0.tgz#8710d7af0aa626f8fffa1ce00168545263255748"
  
  merge-descriptors@1.0.1:
    version "1.0.1"
    resolved "https://registry.yarnpkg.com/merge-descriptors/-/merge-descriptors-1.0.1.tgz#b00aaa556dd8b44568150ec9d1b953f3f90cbb61"
  
  methods@~1.1.2:
    version "1.1.2"
    resolved "https://registry.yarnpkg.com/methods/-/methods-1.1.2.tgz#5529a4d67654134edcc5266656835b0f851afcee"
  
  "mime-db@>= 1.27.0 < 2", mime-db@~1.27.0:
    version "1.27.0"
    resolved "https://registry.yarnpkg.com/mime-db/-/mime-db-1.27.0.tgz#820f572296bbd20ec25ed55e5b5de869e5436eb1"
  
  mime-types@~2.1.11, mime-types@~2.1.15:
    version "2.1.15"
    resolved "https://registry.yarnpkg.com/mime-types/-/mime-types-2.1.15.tgz#a4ebf5064094569237b8cf70046776d09fc92aed"
    dependencies:
      mime-db "~1.27.0"
  
  mime@1.3.4:
    version "1.3.4"
    resolved "https://registry.yarnpkg.com/mime/-/mime-1.3.4.tgz#115f9e3b6b3daf2959983cb38f149a2d40eb5d53"
  
  mime@~1.2.11, mime@~1.2.9:
    version "1.2.11"
    resolved "https://registry.yarnpkg.com/mime/-/mime-1.2.11.tgz#58203eed86e3a5ef17aed2b7d9ebd47f0a60dd10"
  
  moment-timezone@^0.5.x:
    version "0.5.13"
    resolved "https://registry.yarnpkg.com/moment-timezone/-/moment-timezone-0.5.13.tgz#99ce5c7d827262eb0f1f702044177f60745d7b90"
    dependencies:
      moment ">= 2.9.0"
  
  moment@2.x.x, "moment@>= 2.9.0":
    version "2.18.1"
    resolved "https://registry.yarnpkg.com/moment/-/moment-2.18.1.tgz#c36193dd3ce1c2eed2adb7c802dbbc77a81b1c0f"
  
  mongodb-core@2.1.9:
    version "2.1.9"
    resolved "https://registry.yarnpkg.com/mongodb-core/-/mongodb-core-2.1.9.tgz#85aa71ee4fb716196e06b787557bf139f801daf5"
    dependencies:
      bson "~1.0.4"
      require_optional "~1.0.0"
  
  mongodb@2.2.25:
    version "2.2.25"
    resolved "https://registry.yarnpkg.com/mongodb/-/mongodb-2.2.25.tgz#d3b25dad00eda2bdfcbc996210ba082ac686a6b6"
    dependencies:
      es6-promise "3.2.1"
      mongodb-core "2.1.9"
      readable-stream "2.1.5"
  
  mongoose@^4.9.5:
    version "4.9.5"
    resolved "https://registry.yarnpkg.com/mongoose/-/mongoose-4.9.5.tgz#856b856700032748dd68122cb0371f8980442975"
    dependencies:
      async "2.1.4"
      bson "~1.0.4"
      hooks-fixed "2.0.0"
      kareem "1.2.1"
      mongodb "2.2.25"
      mpath "0.2.1"
      mpromise "0.5.5"
      mquery "2.3.0"
      ms "0.7.2"
      muri "1.2.1"
      regexp-clone "0.0.1"
      sliced "1.0.1"
  
  morgan@^1.8.1:
    version "1.8.1"
    resolved "https://registry.yarnpkg.com/morgan/-/morgan-1.8.1.tgz#f93023d3887bd27b78dfd6023cea7892ee27a4b1"
    dependencies:
      basic-auth "~1.1.0"
      debug "2.6.1"
      depd "~1.1.0"
      on-finished "~2.3.0"
      on-headers "~1.0.1"
  
  mpath@0.2.1:
    version "0.2.1"
    resolved "https://registry.yarnpkg.com/mpath/-/mpath-0.2.1.tgz#3a4e829359801de96309c27a6b2e102e89f9e96e"
  
  mpromise@0.5.5:
    version "0.5.5"
    resolved "https://registry.yarnpkg.com/mpromise/-/mpromise-0.5.5.tgz#f5b24259d763acc2257b0a0c8c6d866fd51732e6"
  
  mquery@2.3.0:
    version "2.3.0"
    resolved "https://registry.yarnpkg.com/mquery/-/mquery-2.3.0.tgz#3d1717ad8958d0c99e42ea2461a109f3e5f3e458"
    dependencies:
      bluebird "2.10.2"
      debug "2.2.0"
      regexp-clone "0.0.1"
      sliced "0.0.5"
  
  ms@0.7.1:
    version "0.7.1"
    resolved "https://registry.yarnpkg.com/ms/-/ms-0.7.1.tgz#9cd13c03adbff25b65effde7ce864ee952017098"
  
  ms@0.7.2, ms@^0.7.1:
    version "0.7.2"
    resolved "https://registry.yarnpkg.com/ms/-/ms-0.7.2.tgz#ae25cf2512b3885a1d95d7f037868d8431124765"
  
  ms@0.7.3:
    version "0.7.3"
    resolved "https://registry.yarnpkg.com/ms/-/ms-0.7.3.tgz#708155a5e44e33f5fd0fc53e81d0d40a91be1fff"
  
  muri@1.2.1:
    version "1.2.1"
    resolved "https://registry.yarnpkg.com/muri/-/muri-1.2.1.tgz#ec7ea5ce6ca6a523eb1ab35bacda5fa816c9aa3c"
  
  negotiator@0.6.1:
    version "0.6.1"
    resolved "https://registry.yarnpkg.com/negotiator/-/negotiator-0.6.1.tgz#2b327184e8992101177b28563fb5e7102acd0ca9"
  
  node-fetch@^1.7.2:
    version "1.7.2"
    resolved "https://registry.yarnpkg.com/node-fetch/-/node-fetch-1.7.2.tgz#c54e9aac57e432875233525f3c891c4159ffefd7"
    dependencies:
      encoding "^0.1.11"
      is-stream "^1.0.1"
  
  node-uuid@~1.4.0:
    version "1.4.8"
    resolved "https://registry.yarnpkg.com/node-uuid/-/node-uuid-1.4.8.tgz#b040eb0923968afabf8d32fb1f17f1167fdab907"
  
  node-wget@^0.4.2:
    version "0.4.2"
    resolved "https://registry.yarnpkg.com/node-wget/-/node-wget-0.4.2.tgz#c384d787f1fac6eb17a5d520b99d23b73cc68a73"
    dependencies:
      request "~2.27.0"
  
  nodemailer@^4.0.1:
    version "4.0.1"
    resolved "https://registry.yarnpkg.com/nodemailer/-/nodemailer-4.0.1.tgz#b95864b07facee8287e8232effd6f1d56ec75ab2"
  
  oauth-sign@~0.3.0:
    version "0.3.0"
    resolved "https://registry.yarnpkg.com/oauth-sign/-/oauth-sign-0.3.0.tgz#cb540f93bb2b22a7d5941691a288d60e8ea9386e"
  
  object-assign@^4:
    version "4.1.1"
    resolved "https://registry.yarnpkg.com/object-assign/-/object-assign-4.1.1.tgz#2109adc7965887cfc05cbbd442cac8bfbb360863"
  
  on-finished@~2.3.0:
    version "2.3.0"
    resolved "https://registry.yarnpkg.com/on-finished/-/on-finished-2.3.0.tgz#20f1336481b083cd75337992a16971aa2d906947"
    dependencies:
      ee-first "1.1.1"
  
  on-headers@~1.0.1:
    version "1.0.1"
    resolved "https://registry.yarnpkg.com/on-headers/-/on-headers-1.0.1.tgz#928f5d0f470d49342651ea6794b0857c100693f7"
  
  parseurl@~1.3.1:
    version "1.3.1"
    resolved "https://registry.yarnpkg.com/parseurl/-/parseurl-1.3.1.tgz#c8ab8c9223ba34888aa64a297b28853bec18da56"
  
  passport-jwt@^2.2.1:
    version "2.2.1"
    resolved "https://registry.yarnpkg.com/passport-jwt/-/passport-jwt-2.2.1.tgz#0e004c94071319d673d9d9bcfd1574a868011527"
    dependencies:
      jsonwebtoken "^7.0.0"
      passport-strategy "^1.0.0"
  
  passport-local@^1.0.0:
    version "1.0.0"
    resolved "https://registry.yarnpkg.com/passport-local/-/passport-local-1.0.0.tgz#1fe63268c92e75606626437e3b906662c15ba6ee"
    dependencies:
      passport-strategy "1.x.x"
  
  passport-strategy@1.x.x, passport-strategy@^1.0.0:
    version "1.0.0"
    resolved "https://registry.yarnpkg.com/passport-strategy/-/passport-strategy-1.0.0.tgz#b5539aa8fc225a3d1ad179476ddf236b440f52e4"
  
  passport@^0.3.2:
    version "0.3.2"
    resolved "https://registry.yarnpkg.com/passport/-/passport-0.3.2.tgz#9dd009f915e8fe095b0124a01b8f82da07510102"
    dependencies:
      passport-strategy "1.x.x"
      pause "0.0.1"
  
  path-to-regexp@0.1.7:
    version "0.1.7"
    resolved "https://registry.yarnpkg.com/path-to-regexp/-/path-to-regexp-0.1.7.tgz#df604178005f522f15eb4490e7247a1bfaa67f8c"
  
  pause@0.0.1:
    version "0.0.1"
    resolved "https://registry.yarnpkg.com/pause/-/pause-0.0.1.tgz#1d408b3fdb76923b9543d96fb4c9dfd535d9cb5d"
  
  process-nextick-args@~1.0.6:
    version "1.0.7"
    resolved "https://registry.yarnpkg.com/process-nextick-args/-/process-nextick-args-1.0.7.tgz#150e20b756590ad3f91093f25a4f2ad8bff30ba3"
  
  proxy-addr@~1.1.3:
    version "1.1.4"
    resolved "https://registry.yarnpkg.com/proxy-addr/-/proxy-addr-1.1.4.tgz#27e545f6960a44a627d9b44467e35c1b6b4ce2f3"
    dependencies:
      forwarded "~0.1.0"
      ipaddr.js "1.3.0"
  
  qs@6.4.0:
    version "6.4.0"
    resolved "https://registry.yarnpkg.com/qs/-/qs-6.4.0.tgz#13e26d28ad6b0ffaa91312cd3bf708ed351e7233"
  
  qs@~0.6.0:
    version "0.6.6"
    resolved "https://registry.yarnpkg.com/qs/-/qs-0.6.6.tgz#6e015098ff51968b8a3c819001d5f2c89bc4b107"
  
  range-parser@~1.2.0:
    version "1.2.0"
    resolved "https://registry.yarnpkg.com/range-parser/-/range-parser-1.2.0.tgz#f49be6b487894ddc40dcc94a322f611092e00d5e"
  
  raw-body@~2.2.0:
    version "2.2.0"
    resolved "https://registry.yarnpkg.com/raw-body/-/raw-body-2.2.0.tgz#994976cf6a5096a41162840492f0bdc5d6e7fb96"
    dependencies:
      bytes "2.4.0"
      iconv-lite "0.4.15"
      unpipe "1.0.0"
  
  readable-stream@2.1.5:
    version "2.1.5"
    resolved "https://registry.yarnpkg.com/readable-stream/-/readable-stream-2.1.5.tgz#66fa8b720e1438b364681f2ad1a63c618448c9d0"
    dependencies:
      buffer-shims "^1.0.0"
      core-util-is "~1.0.0"
      inherits "~2.0.1"
      isarray "~1.0.0"
      process-nextick-args "~1.0.6"
      string_decoder "~0.10.x"
      util-deprecate "~1.0.1"
  
  regexp-clone@0.0.1:
    version "0.0.1"
    resolved "https://registry.yarnpkg.com/regexp-clone/-/regexp-clone-0.0.1.tgz#a7c2e09891fdbf38fbb10d376fb73003e68ac589"
  
  request@~2.27.0:
    version "2.27.0"
    resolved "https://registry.yarnpkg.com/request/-/request-2.27.0.tgz#dfb1a224dd3a5a9bade4337012503d710e538668"
    dependencies:
      aws-sign "~0.3.0"
      cookie-jar "~0.3.0"
      forever-agent "~0.5.0"
      form-data "~0.1.0"
      hawk "~1.0.0"
      http-signature "~0.10.0"
      json-stringify-safe "~5.0.0"
      mime "~1.2.9"
      node-uuid "~1.4.0"
      oauth-sign "~0.3.0"
      qs "~0.6.0"
      tunnel-agent "~0.3.0"
  
  require_optional@~1.0.0:
    version "1.0.0"
    resolved "https://registry.yarnpkg.com/require_optional/-/require_optional-1.0.0.tgz#52a86137a849728eb60a55533617f8f914f59abf"
    dependencies:
      resolve-from "^2.0.0"
      semver "^5.1.0"
  
  resolve-from@^2.0.0:
    version "2.0.0"
    resolved "https://registry.yarnpkg.com/resolve-from/-/resolve-from-2.0.0.tgz#9480ab20e94ffa1d9e80a804c7ea147611966b57"
  
  safe-buffer@^5.0.1:
    version "5.0.1"
    resolved "https://registry.yarnpkg.com/safe-buffer/-/safe-buffer-5.0.1.tgz#d263ca54696cd8a306b5ca6551e92de57918fbe7"
  
  sax@>=0.6.0:
    version "1.2.2"
    resolved "https://registry.yarnpkg.com/sax/-/sax-1.2.2.tgz#fd8631a23bc7826bef5d871bdb87378c95647828"
  
  semver@^5.1.0:
    version "5.3.0"
    resolved "https://registry.yarnpkg.com/semver/-/semver-5.3.0.tgz#9b2ce5d3de02d17c6012ad326aa6b4d0cf54f94f"
  
  send@0.15.1:
    version "0.15.1"
    resolved "https://registry.yarnpkg.com/send/-/send-0.15.1.tgz#8a02354c26e6f5cca700065f5f0cdeba90ec7b5f"
    dependencies:
      debug "2.6.1"
      depd "~1.1.0"
      destroy "~1.0.4"
      encodeurl "~1.0.1"
      escape-html "~1.0.3"
      etag "~1.8.0"
      fresh "0.5.0"
      http-errors "~1.6.1"
      mime "1.3.4"
      ms "0.7.2"
      on-finished "~2.3.0"
      range-parser "~1.2.0"
      statuses "~1.3.1"
  
  serve-static@1.12.1:
    version "1.12.1"
    resolved "https://registry.yarnpkg.com/serve-static/-/serve-static-1.12.1.tgz#7443a965e3ced647aceb5639fa06bf4d1bbe0039"
    dependencies:
      encodeurl "~1.0.1"
      escape-html "~1.0.3"
      parseurl "~1.3.1"
      send "0.15.1"
  
  setprototypeof@1.0.3:
    version "1.0.3"
    resolved "https://registry.yarnpkg.com/setprototypeof/-/setprototypeof-1.0.3.tgz#66567e37043eeb4f04d91bd658c0cbefb55b8e04"
  
  sliced@0.0.5:
    version "0.0.5"
    resolved "https://registry.yarnpkg.com/sliced/-/sliced-0.0.5.tgz#5edc044ca4eb6f7816d50ba2fc63e25d8fe4707f"
  
  sliced@1.0.1:
    version "1.0.1"
    resolved "https://registry.yarnpkg.com/sliced/-/sliced-1.0.1.tgz#0b3a662b5d04c3177b1926bea82b03f837a2ef41"
  
  sntp@0.2.x:
    version "0.2.4"
    resolved "https://registry.yarnpkg.com/sntp/-/sntp-0.2.4.tgz#fb885f18b0f3aad189f824862536bceeec750900"
    dependencies:
      hoek "0.9.x"
  
  "statuses@>= 1.3.1 < 2", statuses@~1.3.1:
    version "1.3.1"
    resolved "https://registry.yarnpkg.com/statuses/-/statuses-1.3.1.tgz#faf51b9eb74aaef3b3acf4ad5f61abf24cb7b93e"
  
  string_decoder@~0.10.x:
    version "0.10.31"
    resolved "https://registry.yarnpkg.com/string_decoder/-/string_decoder-0.10.31.tgz#62e203bc41766c6c28c9fc84301dab1c5310fa94"
  
  topo@1.x.x:
    version "1.1.0"
    resolved "https://registry.yarnpkg.com/topo/-/topo-1.1.0.tgz#e9d751615d1bb87dc865db182fa1ca0a5ef536d5"
    dependencies:
      hoek "2.x.x"
  
  tunnel-agent@~0.3.0:
    version "0.3.0"
    resolved "https://registry.yarnpkg.com/tunnel-agent/-/tunnel-agent-0.3.0.tgz#ad681b68f5321ad2827c4cfb1b7d5df2cfe942ee"
  
  type-is@~1.6.14:
    version "1.6.15"
    resolved "https://registry.yarnpkg.com/type-is/-/type-is-1.6.15.tgz#cab10fb4909e441c82842eafe1ad646c81804410"
    dependencies:
      media-typer "0.3.0"
      mime-types "~2.1.15"
  
  unpipe@1.0.0, unpipe@~1.0.0:
    version "1.0.0"
    resolved "https://registry.yarnpkg.com/unpipe/-/unpipe-1.0.0.tgz#b2bf4ee8514aae6165b4817829d21b2ef49904ec"
  
  util-deprecate@~1.0.1:
    version "1.0.2"
    resolved "https://registry.yarnpkg.com/util-deprecate/-/util-deprecate-1.0.2.tgz#450d4dc9fa70de732762fbd2d4a28981419a0ccf"
  
  utils-merge@1.0.0:
    version "1.0.0"
    resolved "https://registry.yarnpkg.com/utils-merge/-/utils-merge-1.0.0.tgz#0294fb922bb9375153541c4f7096231f287c8af8"
  
  vary@^1, vary@~1.1.0:
    version "1.1.1"
    resolved "https://registry.yarnpkg.com/vary/-/vary-1.1.1.tgz#67535ebb694c1d52257457984665323f587e8d37"
  
  xml2js@^0.4.17:
    version "0.4.17"
    resolved "https://registry.yarnpkg.com/xml2js/-/xml2js-0.4.17.tgz#17be93eaae3f3b779359c795b419705a8817e868"
    dependencies:
      sax ">=0.6.0"
      xmlbuilder "^4.1.0"
  
  xmlbuilder@^4.1.0:
    version "4.2.1"
    resolved "https://registry.yarnpkg.com/xmlbuilder/-/xmlbuilder-4.2.1.tgz#aa58a3041a066f90eaa16c2f5389ff19f3f461a5"
    dependencies:
      lodash "^4.0.0"
  
  xtend@^4.0.1:
    version "4.0.1"
    resolved "https://registry.yarnpkg.com/xtend/-/xtend-4.0.1.tgz#a5c6d532be656e23db820efb943a1f04998d63af"

Trace: 
  Error: EACCES: permission denied, mkdir '/home/useradmin/.config/yarn/global'
